<?xml version="1.0" encoding="UTF-8"?>
<testng-results skipped="0" failed="2" ignored="0" total="2" passed="0">
  <reporter-output>
    <line>
      <![CDATA[pass-chrome browser invoked with url as:http://zero.webappsecurity.com/login.html<br>]]>
    </line>
    <line>
      <![CDATA[pass-chrome browser invoked with url as:http://zero.webappsecurity.com/login.html<br>]]>
    </line>
    <line>
      <![CDATA[pass-username set with value:username<br>]]>
    </line>
    <line>
      <![CDATA[pass-username set with value:username<br>]]>
    </line>
    <line>
      <![CDATA[info-password set with value:password<br>]]>
    </line>
    <line>
      <![CDATA[info-password set with value:password<br>]]>
    </line>
    <line>
      <![CDATA[pass-clicked on signin button<br>]]>
    </line>
    <line>
      <![CDATA[pass-successfully login with usernameusernamepasswordpassword<br>]]>
    </line>
    <line>
      <![CDATA[pass-clicked on signin button<br>]]>
    </line>
    <line>
      <![CDATA[pass-successfully login with usernameusernamepasswordpassword<br>]]>
    </line>
  </reporter-output>
  <suite name="Suite" duration-ms="16976" started-at="2019-05-26T11:31:57Z" finished-at="2019-05-26T11:32:14Z">
    <groups>
    </groups>
    <test name="TestOnChrome" duration-ms="16976" started-at="2019-05-26T11:31:57Z" finished-at="2019-05-26T11:32:14Z">
      <class name="retailbanking.tc.SmokeTest">
        <test-method status="FAIL" signature="t_01_login(java.lang.String, java.lang.String)[pri:0, instance:retailbanking.tc.SmokeTest@1593948d]" name="t_01_login" duration-ms="16873" started-at="2019-05-26T11:31:57Z" finished-at="2019-05-26T11:32:14Z">
          <params>
            <param index="0">
              <value>
                <![CDATA[chrome]]>
              </value>
            </param>
            <param index="1">
              <value>
                <![CDATA[http://zero.webappsecurity.com/login.html]]>
              </value>
            </param>
          </params>
          <exception class="java.lang.AssertionError">
            <message>
              <![CDATA[expected [Zero - Log in] but found [Zero - Account Summary]]]>
            </message>
            <full-stacktrace>
              <![CDATA[java.lang.AssertionError: expected [Zero - Log in] but found [Zero - Account Summary]
at org.testng.Assert.fail(Assert.java:96)
at org.testng.Assert.failNotEquals(Assert.java:776)
at org.testng.Assert.assertEqualsImpl(Assert.java:137)
at org.testng.Assert.assertEquals(Assert.java:118)
at org.testng.Assert.assertEquals(Assert.java:453)
at org.testng.Assert.assertEquals(Assert.java:463)
at retailbanking.po.PO_Login.LoginIntoApplication(PO_Login.java:84)
at retailbanking.tc.SmokeTest.t_01_login(SmokeTest.java:22)
at sun.reflect.NativeMethodAccessorImpl.invoke0(Native Method)
at sun.reflect.NativeMethodAccessorImpl.invoke(NativeMethodAccessorImpl.java:62)
at sun.reflect.DelegatingMethodAccessorImpl.invoke(DelegatingMethodAccessorImpl.java:43)
at java.lang.reflect.Method.invoke(Method.java:498)
at org.testng.internal.MethodInvocationHelper.invokeMethod(MethodInvocationHelper.java:124)
at org.testng.internal.Invoker.invokeMethod(Invoker.java:583)
at org.testng.internal.Invoker.invokeTestMethod(Invoker.java:719)
at org.testng.internal.Invoker.invokeTestMethods(Invoker.java:989)
at org.testng.internal.TestMethodWorker.invokeTestMethods(TestMethodWorker.java:125)
at org.testng.internal.TestMethodWorker.run(TestMethodWorker.java:109)
at java.util.concurrent.ThreadPoolExecutor.runWorker(ThreadPoolExecutor.java:1149)
at java.util.concurrent.ThreadPoolExecutor$Worker.run(ThreadPoolExecutor.java:624)
at java.lang.Thread.run(Thread.java:748)
]]>
            </full-stacktrace>
          </exception> <!-- java.lang.AssertionError -->
          <reporter-output>
            <line>
              <![CDATA[pass-chrome browser invoked with url as:http://zero.webappsecurity.com/login.html<br>]]>
            </line>
            <line>
              <![CDATA[pass-username set with value:username<br>]]>
            </line>
            <line>
              <![CDATA[info-password set with value:password<br>]]>
            </line>
            <line>
              <![CDATA[pass-clicked on signin button<br>]]>
            </line>
            <line>
              <![CDATA[pass-successfully login with usernameusernamepasswordpassword<br>]]>
            </line>
          </reporter-output>
        </test-method> <!-- t_01_login -->
        <test-method status="FAIL" signature="t_02_transferfunds(java.lang.String, java.lang.String)[pri:0, instance:retailbanking.tc.SmokeTest@1593948d]" name="t_02_transferfunds" duration-ms="16829" started-at="2019-05-26T11:31:57Z" finished-at="2019-05-26T11:32:14Z">
          <params>
            <param index="0">
              <value>
                <![CDATA[chrome]]>
              </value>
            </param>
            <param index="1">
              <value>
                <![CDATA[http://zero.webappsecurity.com/login.html]]>
              </value>
            </param>
          </params>
          <exception class="java.lang.AssertionError">
            <message>
              <![CDATA[expected [Zero - Log in] but found [Zero - Account Summary]]]>
            </message>
            <full-stacktrace>
              <![CDATA[java.lang.AssertionError: expected [Zero - Log in] but found [Zero - Account Summary]
at org.testng.Assert.fail(Assert.java:96)
at org.testng.Assert.failNotEquals(Assert.java:776)
at org.testng.Assert.assertEqualsImpl(Assert.java:137)
at org.testng.Assert.assertEquals(Assert.java:118)
at org.testng.Assert.assertEquals(Assert.java:453)
at org.testng.Assert.assertEquals(Assert.java:463)
at retailbanking.po.PO_Login.LoginIntoApplication(PO_Login.java:84)
at retailbanking.tc.SmokeTest.t_02_transferfunds(SmokeTest.java:37)
at sun.reflect.NativeMethodAccessorImpl.invoke0(Native Method)
at sun.reflect.NativeMethodAccessorImpl.invoke(NativeMethodAccessorImpl.java:62)
at sun.reflect.DelegatingMethodAccessorImpl.invoke(DelegatingMethodAccessorImpl.java:43)
at java.lang.reflect.Method.invoke(Method.java:498)
at org.testng.internal.MethodInvocationHelper.invokeMethod(MethodInvocationHelper.java:124)
at org.testng.internal.Invoker.invokeMethod(Invoker.java:583)
at org.testng.internal.Invoker.invokeTestMethod(Invoker.java:719)
at org.testng.internal.Invoker.invokeTestMethods(Invoker.java:989)
at org.testng.internal.TestMethodWorker.invokeTestMethods(TestMethodWorker.java:125)
at org.testng.internal.TestMethodWorker.run(TestMethodWorker.java:109)
at java.util.concurrent.ThreadPoolExecutor.runWorker(ThreadPoolExecutor.java:1149)
at java.util.concurrent.ThreadPoolExecutor$Worker.run(ThreadPoolExecutor.java:624)
at java.lang.Thread.run(Thread.java:748)
]]>
            </full-stacktrace>
          </exception> <!-- java.lang.AssertionError -->
          <reporter-output>
            <line>
              <![CDATA[pass-chrome browser invoked with url as:http://zero.webappsecurity.com/login.html<br>]]>
            </line>
            <line>
              <![CDATA[pass-username set with value:username<br>]]>
            </line>
            <line>
              <![CDATA[info-password set with value:password<br>]]>
            </line>
            <line>
              <![CDATA[pass-clicked on signin button<br>]]>
            </line>
            <line>
              <![CDATA[pass-successfully login with usernameusernamepasswordpassword<br>]]>
            </line>
          </reporter-output>
        </test-method> <!-- t_02_transferfunds -->
      </class> <!-- retailbanking.tc.SmokeTest -->
    </test> <!-- TestOnChrome -->
  </suite> <!-- Suite -->
</testng-results>
