<?xml version="1.0" encoding="UTF-8"?>
<!-- Generated by org.testng.reporters.JUnitXMLReporter -->
<testsuite hostname="Sumeet" ignored="0" name="TestOnChrome" tests="2" failures="2" timestamp="26 May 2019 11:32:16 GMT" time="16.976" errors="0">
  <testcase name="t_02_transferfunds" time="16.829" classname="retailbanking.tc.SmokeTest">
    <failure type="java.lang.AssertionError" message="expected [Zero - Log in] but found [Zero - Account Summary]">
      <![CDATA[java.lang.AssertionError: expected [Zero - Log in] but found [Zero - Account Summary]
at retailbanking.po.PO_Login.LoginIntoApplication(PO_Login.java:84)
at retailbanking.tc.SmokeTest.t_02_transferfunds(SmokeTest.java:37)
at java.util.concurrent.ThreadPoolExecutor.runWorker(ThreadPoolExecutor.java:1149)
at java.util.concurrent.ThreadPoolExecutor$Worker.run(ThreadPoolExecutor.java:624)
at java.lang.Thread.run(Thread.java:748)
... Removed 16 stack frames]]>
    </failure>
  </testcase> <!-- t_02_transferfunds -->
  <testcase name="t_01_login" time="16.873" classname="retailbanking.tc.SmokeTest">
    <failure type="java.lang.AssertionError" message="expected [Zero - Log in] but found [Zero - Account Summary]">
      <![CDATA[java.lang.AssertionError: expected [Zero - Log in] but found [Zero - Account Summary]
at retailbanking.po.PO_Login.LoginIntoApplication(PO_Login.java:84)
at retailbanking.tc.SmokeTest.t_01_login(SmokeTest.java:22)
at java.util.concurrent.ThreadPoolExecutor.runWorker(ThreadPoolExecutor.java:1149)
at java.util.concurrent.ThreadPoolExecutor$Worker.run(ThreadPoolExecutor.java:624)
at java.lang.Thread.run(Thread.java:748)
... Removed 16 stack frames]]>
    </failure>
  </testcase> <!-- t_01_login -->
</testsuite> <!-- TestOnChrome -->
